20:36:27.734 [main] DEBUG org.testng.TestNG - suiteXmlPath: "C:\workspaces\pavanwork\OpencartV121\master.xml"
20:37:34.086 [main] INFO  testCases.TC001_AccountRegistrationTest - ***** Starting TC001_AccountRegistrationTest *****
20:37:34.283 [main] INFO  testCases.TC001_AccountRegistrationTest - Clicked on MyAccount Link..
20:37:35.556 [main] INFO  testCases.TC001_AccountRegistrationTest - Clicked on Register Link..
20:37:35.558 [main] INFO  testCases.TC001_AccountRegistrationTest - Providing customer details....
20:37:38.101 [main] INFO  testCases.TC001_AccountRegistrationTest - Validating expected message..
20:37:38.160 [main] INFO  testCases.TC001_AccountRegistrationTest - ***** Finished TC001_AccountRegistrationTest *****
20:37:41.328 [main] INFO  testCases.TC002_LoginTest - **** Starting TC_002_LoginTest ****
20:37:43.586 [main] INFO  testCases.TC002_LoginTest - **** Finished TC_002_LoginTest ****
21:08:19.133 [main] DEBUG org.testng.TestNG - suiteXmlPath: "C:\workspaces\pavanwork\OpencartV121\master.xml"
21:08:22.703 [main] INFO  testCases.TC001_AccountRegistrationTest - ***** Starting TC001_AccountRegistrationTest *****
21:08:22.903 [main] INFO  testCases.TC001_AccountRegistrationTest - Clicked on MyAccount Link..
21:08:23.309 [main] INFO  testCases.TC001_AccountRegistrationTest - Clicked on Register Link..
21:08:23.314 [main] INFO  testCases.TC001_AccountRegistrationTest - Providing customer details....
21:08:25.361 [main] INFO  testCases.TC001_AccountRegistrationTest - Validating expected message..
21:08:25.410 [main] INFO  testCases.TC001_AccountRegistrationTest - ***** Finished TC001_AccountRegistrationTest *****
21:08:28.259 [main] INFO  testCases.TC002_LoginTest - **** Starting TC_002_LoginTest ****
21:08:29.882 [main] INFO  testCases.TC002_LoginTest - **** Finished TC_002_LoginTest ****
21:16:15.058 [main] DEBUG org.testng.TestNG - suiteXmlPath: "C:\workspaces\pavanwork\OpencartV121\master.xml"
21:16:18.895 [main] INFO  testCases.TC001_AccountRegistrationTest - ***** Starting TC001_AccountRegistrationTest *****
21:16:19.079 [main] INFO  testCases.TC001_AccountRegistrationTest - Clicked on MyAccount Link..
21:16:19.534 [main] INFO  testCases.TC001_AccountRegistrationTest - Clicked on Register Link..
21:16:19.539 [main] INFO  testCases.TC001_AccountRegistrationTest - Providing customer details....
21:16:21.423 [main] INFO  testCases.TC001_AccountRegistrationTest - Validating expected message..
21:16:21.496 [main] INFO  testCases.TC001_AccountRegistrationTest - ***** Finished TC001_AccountRegistrationTest *****
21:16:24.036 [main] INFO  testCases.TC002_LoginTest - **** Starting TC_002_LoginTest ****
21:16:25.620 [main] INFO  testCases.TC002_LoginTest - **** Finished TC_002_LoginTest ****
21:18:01.562 [main] DEBUG org.testng.TestNG - suiteXmlPath: "C:\workspaces\pavanwork\OpencartV121\master.xml"
21:18:04.482 [main] INFO  testCases.TC001_AccountRegistrationTest - ***** Starting TC001_AccountRegistrationTest *****
21:18:04.688 [main] INFO  testCases.TC001_AccountRegistrationTest - Clicked on MyAccount Link..
21:18:05.065 [main] INFO  testCases.TC001_AccountRegistrationTest - Clicked on Register Link..
21:18:05.068 [main] INFO  testCases.TC001_AccountRegistrationTest - Providing customer details....
21:18:06.784 [main] INFO  testCases.TC001_AccountRegistrationTest - Validating expected message..
21:18:06.861 [main] INFO  testCases.TC001_AccountRegistrationTest - ***** Finished TC001_AccountRegistrationTest *****
21:18:09.967 [main] INFO  testCases.TC002_LoginTest - **** Starting TC_002_LoginTest ****
21:18:11.687 [main] INFO  testCases.TC002_LoginTest - **** Finished TC_002_LoginTest ****
